#
# A fatal error has been detected by the Java Runtime Environment:
#
#  SIGSEGV (0xb) at pc=0x00007f33637c8401, pid=29484, tid=29500
#
# JRE version: OpenJDK Runtime Environment (11.0.6+10) (build 11.0.6+10-post-Ubuntu-1ubuntu118.04.1)
# Java VM: OpenJDK 64-Bit Server VM (11.0.6+10-post-Ubuntu-1ubuntu118.04.1, mixed mode, sharing, tiered, compressed oops, g1 gc, linux-amd64)
# Problematic frame:
# C  [libjimage.so+0x2401]
#
# Core dump will be written. Default location: Core dumps may be processed with "/usr/share/apport/apport %p %s %c %d %P %E" (or dumping to /home/tyan/GM3/PROJET_5/Chiffres-croises/chiffrescroises/core.29484)
#
# If you would like to submit a bug report, please visit:
#   https://bugs.launchpad.net/ubuntu/+source/openjdk-lts
#

---------------  S U M M A R Y ------------

Command Line: -agentlib:jdwp=transport=dt_socket,suspend=y,address=localhost:41787 -javaagent:/home/tyan/.eclipse/360744286_linux_gtk_x86_64/configuration/org.eclipse.osgi/222/0/.cp/lib/javaagent-shaded.jar -Dfile.encoding=UTF-8 chiffrescroises.Jeu

Host: Intel(R) Core(TM) i5-8279U CPU @ 2.40GHz, 2 cores, 1G, Ubuntu 18.04.4 LTS
Time: Sun Apr  5 23:45:07 2020 CEST elapsed time: 1873 seconds (0d 0h 31m 13s)

---------------  T H R E A D  ---------------

Current thread (0x00007f3364101800):  JavaThread "Signal Dispatcher" daemon [_thread_in_vm, id=29500, stack(0x00007f3332d30000,0x00007f3332e31000)]

Stack: [0x00007f3332d30000,0x00007f3332e31000],  sp=0x00007f3332e2e140,  free space=1016k
Native frames: (J=compiled Java code, A=aot compiled Java code, j=interpreted, Vv=VM code, C=native code)
C  [libjimage.so+0x2401]
C  [libjimage.so+0x30ea]
C  [libjimage.so+0x35c6]