#
# A fatal error has been detected by the Java Runtime Environment:
#
#  SIGSEGV (0xb) at pc=0x00007f341cc5d401, pid=23620, tid=23635
#
# JRE version: OpenJDK Runtime Environment (11.0.6+10) (build 11.0.6+10-post-Ubuntu-1ubuntu118.04.1)
# Java VM: OpenJDK 64-Bit Server VM (11.0.6+10-post-Ubuntu-1ubuntu118.04.1, mixed mode, sharing, tiered, compressed oops, g1 gc, linux-amd64)
# Problematic frame:
# C  [libjimage.so+0x2401]
#
# Core dump will be written. Default location: Core dumps may be processed with "/usr/share/apport/apport %p %s %c %d %P %E" (or dumping to /home/tyan/GM3/PROJET_5/Chiffres-croises/chiffrescroises/core.23620)
#
# If you would like to submit a bug report, please visit:
#   https://bugs.launchpad.net/ubuntu/+source/openjdk-lts
#

---------------  S U M M A R Y ------------

Command Line: -agentlib:jdwp=transport=dt_socket,suspend=y,address=localhost:39367 -javaagent:/home/tyan/.eclipse/360744286_linux_gtk_x86_64/configuration/org.eclipse.osgi/222/0/.cp/lib/javaagent-shaded.jar -Dfile.encoding=UTF-8 chiffrescroises.Jeu

Host: Intel(R) Core(TM) i5-8279U CPU @ 2.40GHz, 3 cores, 2G, Ubuntu 18.04.4 LTS
Time: Wed Apr  8 18:04:39 2020 CEST elapsed time: 44 seconds (0d 0h 0m 44s)

---------------  T H R E A D  ---------------

Current thread (0x00007f3418119800):  JavaThread "Signal Dispatcher" daemon [_thread_in_vm, id=23635, stack(0x00007f33db530000,0x00007f33db631000)]

Stack: [0x00007f33db530000,0x00007f33db631000],  sp=0x00007f33db62e140,  free space=1016k
Native frames: (J=compiled Java code, A=aot compiled Java code, j=interpreted, Vv=VM code, C=native code)
C  [libjimage.so+0x2401]
C  [libjimage.so+0x30ea]
C  [libjimage.so+0x35c6]